2025-04-30 19:37:21 Raw Input: {"name":"rooftopbeatz","email":"test@gmail.com","phone":"7","subject":"testing","message":"e"}

2025-04-30 19:37:21 Data: {"name":"rooftopbeatz","email":"test@gmail.com","phone":"7","subject":"testing","message":"e"}

2025-04-30 19:37:25 Error: DB connection failed - No connection could be made because the target machine actively refused it
2025-04-30 19:37:25 Error: DB connection failed - No connection could be made because the target machine actively refused it
2025-04-30 19:38:09 Raw Input: {"name":"rooftopbeatz","email":"test@gmail.com","phone":"7","subject":"testing","message":"e"}
2025-04-30 19:38:09 Data: {"name":"rooftopbeatz","email":"test@gmail.com","phone":"7","subject":"testing","message":"e"}
:"e"}
2025-04-30 19:38:09 Data: {"name":"rooftopbeatz","email":"test@gmail.com","phone":"7","subject":"testing ","message":"e"}
2025-04-30 19:38:09 Success: Message saved
2025-04-30 19:38:09 Success: Message saved
2025-04-30 19:43:12 Raw Input: {"name":"Gaurav Sharma","email":"gaurav621.961@gmail.com","phone":"9877550846","subject":"testing","message":"im interested in brazil"}
2025-04-30 19:43:12 Data: {"name":"Gaurav Sharma","email":"gaurav621.961@gmail.com","phone":"9877550846","subject":"testing","message":"im interested in brazil"}
2025-04-30 19:43:12 Raw Input: {"name":"Gaurav Sharma","email":"gaurav621.961@gmail.com","phone":"9877550846","subject":"testing ","message":"im interested in brazil"}
2025-04-30 19:43:12 Data: {"name":"Gaurav Sharma","email":"gaurav621.961@gmail.com","phone":"9877550846","subject":"testing ","message":"im interested in brazil"}
2025-04-30 19:43:12 Success: Message saved
2025-04-30 19:43:12 Success: Message saved
2025-04-30 19:59:14 Raw Input: {"name":"gaurav","email":"test12@gmail.com","phone":"7","subject":"testing","message":"test"}
2025-04-30 19:59:14 Data: {"name":"gaurav","email":"test12@gmail.com","phone":"7","subject":"testing","message":"test"}
2025-04-30 19:59:14 Success: Message saved
2025-04-30 20:00:56 Raw Input: {"name":"Gaurav Sharma","email":"gaurav621.961@gmail.com","phone":"9877550846","subject":"testing contact","message":"test"}
2025-04-30 20:00:56 Data: {"name":"Gaurav Sharma","email":"gaurav621.961@gmail.com","phone":"9877550846","subject":"testing contact","message":"test"}
2025-04-30 20:00:56 Success: Message saved
2025-04-30 20:01:49 Raw Input: {"name":"h","email":"test@gmail.com","phone":"123456789","subject":"testing","message":"test"}
2025-04-30 20:01:49 Data: {"name":"h","email":"test@gmail.com","phone":"123456789","subject":"testing","message":"test"}
2025-04-30 20:01:49 Success: Message saved
